<?xml version="1.0" encoding="UTF-8"?>
<testsuite xmlns:xsi="http://www.w3.org/2001/XMLSchema-instance" xsi:noNamespaceSchemaLocation="https://maven.apache.org/surefire/maven-surefire-plugin/xsd/surefire-test-report-3.0.xsd" version="3.0" name="school.sptech.projeto1.heranca.ProdutoInternacionalTest" time="0.114" tests="9" errors="0" skipped="0" failures="0">
  <properties>
[...]
</properties>
  <testcase name="getId(): quando acionado deve retornar o valor do id" classname="school.sptech.projeto1.heranca.ProdutoInternacionalTest" time="0.045"/>
  <testcase name="getPreco(): quando acionado deve retornar o valor do preço com imposto" classname="school.sptech.projeto1.heranca.ProdutoInternacionalTest" time="0.002"/>
  <testcase name="classe ProdutoInternacional deve conter apenas o getter sobrescrito" classname="school.sptech.projeto1.heranca.ProdutoInternacionalTest" time="0.001"/>
  <testcase name="getNome(): quando acionado deve retornar o valor do nome" classname="school.sptech.projeto1.heranca.ProdutoInternacionalTest" time="0.002"/>
  <testcase name="getCategoria(): quando acionado o valor da categoria" classname="school.sptech.projeto1.heranca.ProdutoInternacionalTest" time="0.001"/>
  <testcase name="getPreco(): quando acionado e produto possui valor 4.500,99 deve retornar 7.201,584" classname="school.sptech.projeto1.heranca.ProdutoInternacionalTest" time="0.001"/>
  <testcase name="getPreco(): quando acionado e produto possui valor 0 deve retornar 0" classname="school.sptech.projeto1.heranca.ProdutoInternacionalTest" time="0.001"/>
  <testcase name="classe ProdutoInternacional deve conter apenas getters" classname="school.sptech.projeto1.heranca.ProdutoInternacionalTest" time="0.004"/>
  <testcase name="clasee ProdutoInternacional deve ser herdeira da classe Produto" classname="school.sptech.projeto1.heranca.ProdutoInternacionalTest" time="0.002"/>
</testsuite>